INFO  06:27:13 Application started. Press Ctrl+C to shut down.
INFO  06:27:13 Hosting environment: Development
INFO  06:27:13 Content root path: D:\safe\MedicalStockModule
INFO  06:30:20 Medicine Stock requested
INFO  06:30:20 Medicine Stock retreived from godown
INFO  06:30:20 Medicine Stock Retrived
INFO  06:30:20 Medicine Stock Retrived
INFO  06:30:28 Medicine Stock requested
INFO  06:30:28 Medicine Stock retreived from godown
INFO  06:30:28 Medicine Stock Retrived
INFO  06:30:28 Medicine Stock Retrived
INFO  06:30:35 Medicine Stock requested
INFO  06:30:35 Medicine Stock retreived from godown
INFO  06:30:35 Medicine Stock Retrived
INFO  06:30:35 Medicine Stock Retrived
INFO  05:31:01 Application started. Press Ctrl+C to shut down.
INFO  05:31:01 Hosting environment: Development
INFO  05:31:01 Content root path: D:\safe\MedicalStockModule
INFO  05:35:14 Medicine Stock requested
INFO  05:35:14 Medicine Stock retreived from godown
INFO  05:35:14 Medicine Stock Retrived
INFO  05:35:14 Medicine Stock Retrived
INFO  05:35:45 Medicine Stock requested
INFO  05:35:45 Medicine Stock retreived from godown
INFO  05:35:45 Medicine Stock Retrived
INFO  05:35:45 Medicine Stock Retrived
INFO  05:36:27 Medicine Stock requested
INFO  05:36:27 Medicine Stock retreived from godown
INFO  05:36:27 Medicine Stock Retrived
INFO  05:36:27 Medicine Stock Retrived
INFO  05:37:34 Medicine Stock requested
INFO  05:37:34 Medicine Stock retreived from godown
INFO  05:37:34 Medicine Stock Retrived
INFO  05:37:34 Medicine Stock Retrived
INFO  05:37:34 Medicine Stock requested
INFO  05:37:34 Medicine Stock retreived from godown
INFO  05:37:34 Medicine Stock Retrived
INFO  05:37:34 Medicine Stock Retrived
INFO  05:37:34 Medicine Stock requested
INFO  05:37:34 Medicine Stock retreived from godown
INFO  05:37:34 Medicine Stock Retrived
INFO  05:37:34 Medicine Stock Retrived
INFO  05:37:34 Medicine Stock requested
INFO  05:37:34 Medicine Stock retreived from godown
INFO  05:37:34 Medicine Stock Retrived
INFO  05:37:34 Medicine Stock Retrived
INFO  05:38:26 Medicine Stock requested
INFO  05:38:26 Medicine Stock retreived from godown
INFO  05:38:26 Medicine Stock Retrived
INFO  05:38:26 Medicine Stock Retrived
INFO  05:40:12 Medicine Stock requested
INFO  05:40:12 Medicine Stock retreived from godown
INFO  05:40:12 Medicine Stock Retrived
INFO  05:40:12 Medicine Stock Retrived
INFO  05:40:17 Medicine Stock requested
INFO  05:40:17 Medicine Stock retreived from godown
INFO  05:40:17 Medicine Stock Retrived
INFO  05:40:17 Medicine Stock Retrived
INFO  05:40:27 Medicine Stock requested
INFO  05:40:27 Medicine Stock retreived from godown
INFO  05:40:27 Medicine Stock Retrived
INFO  05:40:27 Medicine Stock Retrived
INFO  05:41:20 Medicine Stock requested
INFO  05:41:20 Medicine Stock retreived from godown
INFO  05:41:20 Medicine Stock Retrived
INFO  05:41:20 Medicine Stock Retrived
INFO  05:41:20 Medicine Stock requested
INFO  05:41:20 Medicine Stock retreived from godown
INFO  05:41:20 Medicine Stock Retrived
INFO  05:41:20 Medicine Stock Retrived
INFO  05:46:25 Application started. Press Ctrl+C to shut down.
INFO  05:46:25 Hosting environment: Development
INFO  05:46:25 Content root path: D:\safe\MedicalStockModule
INFO  05:47:24 Medicine Stock requested
INFO  05:47:24 Medicine Stock retreived from godown
INFO  05:47:24 Medicine Stock Retrived
INFO  05:47:24 Medicine Stock Retrived
